Input
Population size: 20
Interval: -1 2
Parameters: -1 1 2
Precision: 6
Crossover probability: 0.25
Mutation probability: 0.01
Steps: 50

Initial population
 1: 0011110011111011100001 | x =  0.5877504348754882812500 | f(x) =  2.2422998611791626899503
 2: 1010111110001100011110 | x =  0.4153974056243896484375 | f(x) =  2.2428424010249159437080
 3: 0101101110011011101100 | x = -0.3507351875305175781250 | f(x) =  1.5262496406974150886526
 4: 1010010000110110101011 | x =  1.5041768550872802734375 | f(x) =  1.2416288437070193140244
 5: 0011100011111100010100 | x = -0.5196943283081054687500 | f(x) =  1.2102234768162816180848
 6: 1100011000110001110110 | x =  0.2913305759429931640625 | f(x) =  2.2064570714637170567585
 7: 0111000000000010101011 | x =  1.4961037635803222656250 | f(x) =  1.2577772921811174455797
 8: 0100010111101000000001 | x =  0.5043272972106933593750 | f(x) =  2.2499812744988503254717
 9: 0111010100110100000101 | x =  0.8831810951232910156250 | f(x) =  2.1031722483401154022431
10: 1111001000011011001110 | x =  0.3521072864532470703125 | f(x) =  2.2281277452797780824767
11: 1010000100011100100101 | x =  0.9322240352630615234375 | f(x) =  2.0631823833409157487040
12: 0111101000000011011110 | x =  0.4414734840393066406250 | f(x) =  2.2465746469295027054613
13: 0001111011101011001001 | x =  0.7269535064697265625000 | f(x) =  2.1984921059010957833380
14: 0000110010100000010011 | x =  1.3446998596191406250000 | f(x) =  1.5364821471594041213393
15: 1011100111001111100011 | x =  1.3414819240570068359375 | f(x) =  1.5419081714853177800251
16: 0101010001110110110000 | x = -0.8392033576965332031250 | f(x) =  0.4565343667343313427409
17: 0011110100110000110001 | x =  0.6429567337036132812500 | f(x) =  2.2295633722887941985391
18: 1010000000101101111111 | x =  1.9860875606536865234375 | f(x) =  0.0415437620703755783325
19: 0010110011111100100111 | x =  1.6834478378295898437500 | f(x) =  0.8494512151364688179456
20: 1110110100110010011011 | x =  1.5452969074249267578125 | f(x) =  1.1573543753278840995335

Selection probabilities
 1: Probability = 0.068301
 2: Probability = 0.068317
 3: Probability = 0.046490
 4: Probability = 0.037820
 5: Probability = 0.036864
 6: Probability = 0.067209
 7: Probability = 0.038312
 8: Probability = 0.068535
 9: Probability = 0.064063
10: Probability = 0.067869
11: Probability = 0.062845
12: Probability = 0.068431
13: Probability = 0.066966
14: Probability = 0.046801
15: Probability = 0.046967
16: Probability = 0.013906
17: Probability = 0.067913
18: Probability = 0.001265
19: Probability = 0.025874
20: Probability = 0.035253

Selection intervals
0 0.068301 0.136618 0.183108 0.220928 0.257791 0.325000 0.363312 0.431847 0.495909 0.563778 0.626623 0.695054 0.762020 0.808822 0.855788 0.869694 0.937607 0.938873 0.964747 1.000000 1
u = 0.733859 | Choose chromosome 13
u = 0.873438 | Choose chromosome 18
u = 0.608533 | Choose chromosome 11
u = 0.214077 | Choose chromosome 4
u = 0.585946 | Choose chromosome 11
u = 0.563275 | Choose chromosome 11
u = 0.487542 | Choose chromosome 9
u = 0.712638 | Choose chromosome 13
u = 0.306190 | Choose chromosome 6
u = 0.496221 | Choose chromosome 11
u = 0.154288 | Choose chromosome 3
u = 0.840989 | Choose chromosome 16
u = 0.269629 | Choose chromosome 6
u = 0.209527 | Choose chromosome 4
u = 0.081172 | Choose chromosome 3
u = 0.255887 | Choose chromosome 6
u = 0.542365 | Choose chromosome 11
u = 0.941060 | Choose chromosome 19
u = 0.222824 | Choose chromosome 6

After selection
 1: 0100010111101000000001 | x =  0.5043272972106933593750 | f(x) =  2.2499812744988503254717
 2: 0001111011101011001001 | x =  0.7269535064697265625000 | f(x) =  2.1984921059010957833380
 3: 1010000000101101111111 | x =  1.9860875606536865234375 | f(x) =  0.0415437620703755783325
 4: 1010000100011100100101 | x =  0.9322240352630615234375 | f(x) =  2.0631823833409157487040
 5: 1010010000110110101011 | x =  1.5041768550872802734375 | f(x) =  1.2416288437070193140244
 6: 1010000100011100100101 | x =  0.9322240352630615234375 | f(x) =  2.0631823833409157487040
 7: 1010000100011100100101 | x =  0.9322240352630615234375 | f(x) =  2.0631823833409157487040
 8: 0111010100110100000101 | x =  0.8831810951232910156250 | f(x) =  2.1031722483401154022431
 9: 0001111011101011001001 | x =  0.7269535064697265625000 | f(x) =  2.1984921059010957833380
10: 1100011000110001110110 | x =  0.2913305759429931640625 | f(x) =  2.2064570714637170567585
11: 1010000100011100100101 | x =  0.9322240352630615234375 | f(x) =  2.0631823833409157487040
12: 0101101110011011101100 | x = -0.3507351875305175781250 | f(x) =  1.5262496406974150886526
13: 0101010001110110110000 | x = -0.8392033576965332031250 | f(x) =  0.4565343667343313427409
14: 1100011000110001110110 | x =  0.2913305759429931640625 | f(x) =  2.2064570714637170567585
15: 1010010000110110101011 | x =  1.5041768550872802734375 | f(x) =  1.2416288437070193140244
16: 0101101110011011101100 | x = -0.3507351875305175781250 | f(x) =  1.5262496406974150886526
17: 1100011000110001110110 | x =  0.2913305759429931640625 | f(x) =  2.2064570714637170567585
18: 1010000100011100100101 | x =  0.9322240352630615234375 | f(x) =  2.0631823833409157487040
19: 0010110011111100100111 | x =  1.6834478378295898437500 | f(x) =  0.8494512151364688179456
20: 1100011000110001110110 | x =  0.2913305759429931640625 | f(x) =  2.2064570714637170567585

Crossover probability: 0.25
 2: 0001111011101011001001 | u = 0.378741
 3: 1010000000101101111111 | u = 0.261608
 4: 1010000100011100100101 | u = 0.856875
 5: 1010010000110110101011 | u = 0.320321
 6: 1010000100011100100101 | u = 0.661928
 7: 1010000100011100100101 | u = 0.873491
 8: 0111010100110100000101 | u = 0.146710 < 0.25 participant
 9: 0001111011101011001001 | u = 0.642399
10: 1100011000110001110110 | u = 0.929248
11: 1010000100011100100101 | u = 0.800708
12: 0101101110011011101100 | u = 0.674351
13: 0101010001110110110000 | u = 0.662697
14: 1100011000110001110110 | u = 0.083763 < 0.25 participant
15: 1010010000110110101011 | u = 0.560458
16: 0101101110011011101100 | u = 0.047736 < 0.25 participant
17: 1100011000110001110110 | u = 0.897528
18: 1010000100011100100101 | u = 0.384967
19: 0010110011111100100111 | u = 0.318137
20: 1100011000110001110110 | u = 0.135544 < 0.25 participant
Crossing chromosomes 8 and 14:
0111010100110100000101 1100011000110001110110 | point = 9
Result: 1100011000110100000101 0111010100110001110110
Crossing chromosomes 16 and 20:
0101101110011011101100 1100011000110001110110 | point = 11
Result: 1100011000111011101100 0101101110010001110110

After crossover
 1: 0100010111101000000001 | x =  0.5043272972106933593750 | f(x) =  2.2499812744988503254717
 2: 0001111011101011001001 | x =  0.7269535064697265625000 | f(x) =  2.1984921059010957833380
 3: 1010000000101101111111 | x =  1.9860875606536865234375 | f(x) =  0.0415437620703755783325
 4: 1010000100011100100101 | x =  0.9322240352630615234375 | f(x) =  2.0631823833409157487040
 5: 1010010000110110101011 | x =  1.5041768550872802734375 | f(x) =  1.2416288437070193140244
 6: 1010000100011100100101 | x =  0.9322240352630615234375 | f(x) =  2.0631823833409157487040
 7: 1010000100011100100101 | x =  0.9322240352630615234375 | f(x) =  2.0631823833409157487040
 8: 1100011000110100000101 | x =  0.8831274509429931640625 | f(x) =  2.1032133563339243664814
 9: 0001111011101011001001 | x =  0.7269535064697265625000 | f(x) =  2.1984921059010957833380
10: 1100011000110001110110 | x =  0.2913305759429931640625 | f(x) =  2.2064570714637170567585
11: 1010000100011100100101 | x =  0.9322240352630615234375 | f(x) =  2.0631823833409157487040
12: 0101101110011011101100 | x = -0.3507351875305175781250 | f(x) =  1.5262496406974150886526
13: 0101010001110110110000 | x = -0.8392033576965332031250 | f(x) =  0.4565343667343313427409
14: 0111010100110001110110 | x =  0.2913842201232910156250 | f(x) =  2.2064794563864325027680
15: 1010010000110110101011 | x =  1.5041768550872802734375 | f(x) =  1.2416288437070193140244
16: 1100011000111011101100 | x = -0.3502709865570068359375 | f(x) =  1.5270392494193743004871
17: 1100011000110001110110 | x =  0.2913305759429931640625 | f(x) =  2.2064570714637170567585
18: 1010000100011100100101 | x =  0.9322240352630615234375 | f(x) =  2.0631823833409157487040
19: 0010110011111100100111 | x =  1.6834478378295898437500 | f(x) =  0.8494512151364688179456
20: 0101101110010001110110 | x =  0.2908663749694824218750 | f(x) =  2.2062631268815948715201

Mutation probability: 0.01
The following chromosomes have been modified:
2 9 17 18 
After mutation
 1: 0100010111101000000001 | x =  0.5043272972106933593750 | f(x) =  2.2499812744988503254717
 2: 0001101011101011001001 | x =  0.7269306182861328125000 | f(x) =  2.1985024944842734839767
 3: 1010000000101101111111 | x =  1.9860875606536865234375 | f(x) =  0.0415437620703755783325
 4: 1010000100011100100101 | x =  0.9322240352630615234375 | f(x) =  2.0631823833409157487040
 5: 1010010000110110101011 | x =  1.5041768550872802734375 | f(x) =  1.2416288437070193140244
 6: 1010000100011100100101 | x =  0.9322240352630615234375 | f(x) =  2.0631823833409157487040
 7: 1010000100011100100101 | x =  0.9322240352630615234375 | f(x) =  2.0631823833409157487040
 8: 1100011000110100000101 | x =  0.8831274509429931640625 | f(x) =  2.1032133563339243664814
 9: 0001010011101011001001 | x =  0.7268962860107421875000 | f(x) =  2.1985180753945314791054
10: 1100011000110001110110 | x =  0.2913305759429931640625 | f(x) =  2.2064570714637170567585
11: 1010000100011100100101 | x =  0.9322240352630615234375 | f(x) =  2.0631823833409157487040
12: 0101101110011011101100 | x = -0.3507351875305175781250 | f(x) =  1.5262496406974150886526
13: 0101010001110110110000 | x = -0.8392033576965332031250 | f(x) =  0.4565343667343313427409
14: 0111010100110001110110 | x =  0.2913842201232910156250 | f(x) =  2.2064794563864325027680
15: 1010010000110110101011 | x =  1.5041768550872802734375 | f(x) =  1.2416288437070193140244
16: 1100011000111011101100 | x = -0.3502709865570068359375 | f(x) =  1.5270392494193743004871
17: 1101011000110001110110 | x =  0.2913362979888916015625 | f(x) =  2.2064594594630193569174
18: 1010000101011100100101 | x =  0.9325902462005615234375 | f(x) =  2.0628656788921375664358
19: 0010110011111100100111 | x =  1.6834478378295898437500 | f(x) =  0.8494512151364688179456
20: 0101101110010001110110 | x =  0.2908663749694824218750 | f(x) =  2.2062631268815948715201

Max evolution (50 steps)
 1: X =  0.5043272972106933593750 | MAX =  2.2499812744988503254717 | AVG =  1.7387772724317073879795
 2: X =  0.5043272972106933593750 | MAX =  2.2499812744988503254717 | AVG =  1.6826135930985458344150
 3: X =  0.5043272972106933593750 | MAX =  2.2499812744988503254717 | AVG =  1.8419507527240597255513
 4: X =  0.5043272972106933593750 | MAX =  2.2499812744988503254717 | AVG =  1.8394341170350969605352
 5: X =  0.5043272972106933593750 | MAX =  2.2499812744988503254717 | AVG =  2.0447570661731816698235
 6: X =  0.5043272972106933593750 | MAX =  2.2499812744988503254717 | AVG =  1.9701360802135496896881
 7: X =  0.5043272972106933593750 | MAX =  2.2499812744988503254717 | AVG =  2.0168999467133318149493
 8: X =  0.5043272972106933593750 | MAX =  2.2499812744988503254717 | AVG =  2.0699868863759803617498
 9: X =  0.5043272972106933593750 | MAX =  2.2499812744988503254717 | AVG =  2.0138843649382835109506
10: X =  0.5043272972106933593750 | MAX =  2.2499812744988503254717 | AVG =  1.8340036710763058635642
11: X =  0.5043272972106933593750 | MAX =  2.2499812744988503254717 | AVG =  1.8879597909621480767090
12: X =  0.5043272972106933593750 | MAX =  2.2499812744988503254717 | AVG =  1.9965834106655876212027
13: X =  0.5043272972106933593750 | MAX =  2.2499812744988503254717 | AVG =  2.0388948873144897787867
14: X =  0.5043272972106933593750 | MAX =  2.2499812744988503254717 | AVG =  2.0309983758963142009158
15: X =  0.5043272972106933593750 | MAX =  2.2499812744988503254717 | AVG =  2.0953731779096216314429
16: X =  0.5043272972106933593750 | MAX =  2.2499812744988503254717 | AVG =  2.1133484353779465436240
17: X =  0.5043272972106933593750 | MAX =  2.2499812744988503254717 | AVG =  2.0542189818756099839014
18: X =  0.5043272972106933593750 | MAX =  2.2499812744988503254717 | AVG =  2.0442786464900990495153
19: X =  0.5043272972106933593750 | MAX =  2.2499812744988503254717 | AVG =  2.0273199461309843627966
20: X =  0.5043272972106933593750 | MAX =  2.2499812744988503254717 | AVG =  2.0660394857273246317121
21: X =  0.5043272972106933593750 | MAX =  2.2499812744988503254717 | AVG =  2.0762940609212307662822
22: X =  0.5043272972106933593750 | MAX =  2.2499812744988503254717 | AVG =  2.0270027427448155776368
23: X =  0.5043272972106933593750 | MAX =  2.2499812744988503254717 | AVG =  2.0329056658962855407523
24: X =  0.5015585422515869140625 | MAX =  2.2499975709460500183923 | AVG =  2.0187009711711453973770
25: X =  0.5015585422515869140625 | MAX =  2.2499975709460500183923 | AVG =  2.0216367301375044007294
26: X =  0.5015585422515869140625 | MAX =  2.2499975709460500183923 | AVG =  2.0621557201315567908750
27: X =  0.5015585422515869140625 | MAX =  2.2499975709460500183923 | AVG =  2.0553724056028272570550
28: X =  0.5015585422515869140625 | MAX =  2.2499975709460500183923 | AVG =  2.1000898945404856022357
29: X =  0.5015585422515869140625 | MAX =  2.2499975709460500183923 | AVG =  2.0978574946311397298338
30: X =  0.5015585422515869140625 | MAX =  2.2499975709460500183923 | AVG =  2.1116697501217373655457
31: X =  0.5000936985015869140625 | MAX =  2.2499999912205908003671 | AVG =  2.1024043716879958765276
32: X =  0.5000936985015869140625 | MAX =  2.2499999912205908003671 | AVG =  2.0752444186080936106009
33: X =  0.5000936985015869140625 | MAX =  2.2499999912205908003671 | AVG =  2.0123040915166342302613
34: X =  0.5000936985015869140625 | MAX =  2.2499999912205908003671 | AVG =  2.1326003202670079871538
35: X =  0.5000936985015869140625 | MAX =  2.2499999912205908003671 | AVG =  2.1893087791281288900357
36: X =  0.5000936985015869140625 | MAX =  2.2499999912205908003671 | AVG =  2.1750799083654840161174
37: X =  0.5000936985015869140625 | MAX =  2.2499999912205908003671 | AVG =  2.1789951457374002075518
38: X =  0.5000936985015869140625 | MAX =  2.2499999912205908003671 | AVG =  2.1781097677176944672241
39: X =  0.5000936985015869140625 | MAX =  2.2499999912205908003671 | AVG =  2.1780262348398764515878
40: X =  0.5000936985015869140625 | MAX =  2.2499999912205908003671 | AVG =  2.1649789029216208291039
41: X =  0.5000936985015869140625 | MAX =  2.2499999912205908003671 | AVG =  2.1649836970006106184449
42: X =  0.5000936985015869140625 | MAX =  2.2499999912205908003671 | AVG =  2.1791969358942338886621
43: X =  0.5000936985015869140625 | MAX =  2.2499999912205908003671 | AVG =  2.1298684951977975288173
44: X =  0.5000936985015869140625 | MAX =  2.2499999912205908003671 | AVG =  2.1157487219515559218920
45: X =  0.5000936985015869140625 | MAX =  2.2499999912205908003671 | AVG =  2.1015332154781958707169
46: X =  0.5000936985015869140625 | MAX =  2.2499999912205908003671 | AVG =  2.0180322273308604508636
47: X =  0.5000936985015869140625 | MAX =  2.2499999912205908003671 | AVG =  2.0255422430585696246929
48: X =  0.5000936985015869140625 | MAX =  2.2499999912205908003671 | AVG =  2.0890401286180065199439
49: X =  0.5000936985015869140625 | MAX =  2.2499999912205908003671 | AVG =  2.0839365803421543432705
50: X =  0.5000936985015869140625 | MAX =  2.2499999912205908003671 | AVG =  2.0080405961362515654834